app/build/intermediates/manifest_merge_blame_file/debug/manifest-merger-blame-debug-report.txt
1<?xml version="1.0" encoding="utf-8"?>
2<manifest xmlns:android="http://schemas.android.com/apk/res/android"
3    package="mrcof.code.senior_tech_support_app"
4    android:versionCode="1"
5    android:versionName="1.0" >
6
7    <uses-sdk
8        android:minSdkVersion="29"
8-->src\main\AndroidManifest.xml
9        android:targetSdkVersion="29" />
9-->src\main\AndroidManifest.xml
10
11    <uses-permission android:name="android.permission.CALL_PHONE" />
11-->src\main\AndroidManifest.xml:5:5-69
11-->src\main\AndroidManifest.xml:5:22-66
12    <uses-permission android:name="android.permission.INTERNET" /> <!-- Although the *SdkVersion is captured in gradle build files, this is required for non gradle builds -->
12-->[com.firebaseui:firebase-ui-database:7.0.0] AndroidManifest.xml:11:5-67
12-->[com.firebaseui:firebase-ui-database:7.0.0] AndroidManifest.xml:11:22-64
13    <!-- <uses-sdk android:minSdkVersion="14"/> -->
14    <uses-permission android:name="android.permission.ACCESS_NETWORK_STATE" />
14-->[com.google.firebase:firebase-database:19.5.1] AndroidManifest.xml:25:5-79
14-->[com.google.firebase:firebase-database:19.5.1] AndroidManifest.xml:25:22-76
15
16    <application
16-->src\main\AndroidManifest.xml:6:5-30:19
17        android:allowBackup="true"
17-->src\main\AndroidManifest.xml:7:9-35
18        android:appComponentFactory="androidx.core.app.CoreComponentFactory"
18-->[androidx.core:core:1.3.1] AndroidManifest.xml:24:18-86
19        android:debuggable="true"
20        android:extractNativeLibs="false"
21        android:icon="@mipmap/ic_launcher"
21-->src\main\AndroidManifest.xml:8:9-43
22        android:label="@string/app_name"
22-->src\main\AndroidManifest.xml:9:9-41
23        android:roundIcon="@mipmap/ic_launcher_round"
23-->src\main\AndroidManifest.xml:10:9-54
24        android:supportsRtl="true"
24-->src\main\AndroidManifest.xml:11:9-35
25        android:testOnly="true"
26        android:theme="@style/Theme.Senior_Tech_Support_App" >
26-->src\main\AndroidManifest.xml:12:9-61
27        <activity android:name="mrcof.code.senior_tech_support_app.Login" />
27-->src\main\AndroidManifest.xml:13:9-52
27-->src\main\AndroidManifest.xml:13:19-40
28        <activity android:name="mrcof.code.senior_tech_support_app.Dashboard" />
28-->src\main\AndroidManifest.xml:14:9-47
28-->src\main\AndroidManifest.xml:14:19-44
29        <activity android:name="mrcof.code.senior_tech_support_app.TV" />
29-->src\main\AndroidManifest.xml:15:9-40
29-->src\main\AndroidManifest.xml:15:19-37
30        <activity android:name="mrcof.code.senior_tech_support_app.Phone" />
30-->src\main\AndroidManifest.xml:16:9-43
30-->src\main\AndroidManifest.xml:16:19-40
31        <activity android:name="mrcof.code.senior_tech_support_app.TvInfo" />
31-->src\main\AndroidManifest.xml:17:9-53
31-->src\main\AndroidManifest.xml:17:19-41
32        <activity android:name="mrcof.code.senior_tech_support_app.PhoneInfo" />
32-->src\main\AndroidManifest.xml:18:9-46
32-->src\main\AndroidManifest.xml:18:19-44
33        <activity android:name="mrcof.code.senior_tech_support_app.MainActivity" >
33-->src\main\AndroidManifest.xml:19:9-25:20
33-->src\main\AndroidManifest.xml:19:19-47
34            <intent-filter>
34-->src\main\AndroidManifest.xml:20:13-24:29
35                <action android:name="android.intent.action.MAIN" />
35-->src\main\AndroidManifest.xml:21:17-69
35-->src\main\AndroidManifest.xml:21:25-66
36
37                <category android:name="android.intent.category.LAUNCHER" />
37-->src\main\AndroidManifest.xml:23:17-77
37-->src\main\AndroidManifest.xml:23:27-74
38            </intent-filter>
39        </activity>
40
41        <meta-data
41-->src\main\AndroidManifest.xml:27:9-29:57
42            android:name="preloaded_fonts"
42-->src\main\AndroidManifest.xml:28:13-43
43            android:resource="@array/preloaded_fonts" />
43-->src\main\AndroidManifest.xml:29:13-54
44
45        <service
45-->[com.google.firebase:firebase-database:19.5.1] AndroidManifest.xml:29:9-35:19
46            android:name="com.google.firebase.components.ComponentDiscoveryService"
46-->[com.google.firebase:firebase-database:19.5.1] AndroidManifest.xml:30:13-84
47            android:directBootAware="true"
47-->[com.google.firebase:firebase-common:19.3.1] AndroidManifest.xml:35:13-43
48            android:exported="false" >
48-->[com.google.firebase:firebase-database:19.5.1] AndroidManifest.xml:31:13-37
49            <meta-data
49-->[com.google.firebase:firebase-database:19.5.1] AndroidManifest.xml:32:13-34:85
50                android:name="com.google.firebase.components:com.google.firebase.database.DatabaseRegistrar"
50-->[com.google.firebase:firebase-database:19.5.1] AndroidManifest.xml:33:17-109
51                android:value="com.google.firebase.components.ComponentRegistrar" />
51-->[com.google.firebase:firebase-database:19.5.1] AndroidManifest.xml:34:17-82
52            <meta-data
52-->[com.google.firebase:firebase-storage:19.2.0] AndroidManifest.xml:33:13-35:85
53                android:name="com.google.firebase.components:com.google.firebase.storage.StorageRegistrar"
53-->[com.google.firebase:firebase-storage:19.2.0] AndroidManifest.xml:34:17-107
54                android:value="com.google.firebase.components.ComponentRegistrar" />
54-->[com.google.firebase:firebase-storage:19.2.0] AndroidManifest.xml:35:17-82
55            <meta-data
55-->[com.google.firebase:firebase-firestore:22.0.0] AndroidManifest.xml:20:13-22:85
56                android:name="com.google.firebase.components:com.google.firebase.firestore.FirestoreRegistrar"
56-->[com.google.firebase:firebase-firestore:22.0.0] AndroidManifest.xml:21:17-111
57                android:value="com.google.firebase.components.ComponentRegistrar" />
57-->[com.google.firebase:firebase-firestore:22.0.0] AndroidManifest.xml:22:17-82
58            <meta-data
58-->[com.google.firebase:firebase-auth:20.0.0] AndroidManifest.xml:85:13-87:85
59                android:name="com.google.firebase.components:com.google.firebase.auth.FirebaseAuthRegistrar"
59-->[com.google.firebase:firebase-auth:20.0.0] AndroidManifest.xml:86:17-109
60                android:value="com.google.firebase.components.ComponentRegistrar" />
60-->[com.google.firebase:firebase-auth:20.0.0] AndroidManifest.xml:87:17-82
61        </service>
62
63        <activity
63-->[com.google.firebase:firebase-auth:20.0.0] AndroidManifest.xml:27:9-34:50
64            android:name="com.google.firebase.auth.internal.FederatedSignInActivity"
64-->[com.google.firebase:firebase-auth:20.0.0] AndroidManifest.xml:28:13-85
65            android:excludeFromRecents="true"
65-->[com.google.firebase:firebase-auth:20.0.0] AndroidManifest.xml:29:13-46
66            android:exported="true"
66-->[com.google.firebase:firebase-auth:20.0.0] AndroidManifest.xml:30:13-36
67            android:launchMode="singleTask"
67-->[com.google.firebase:firebase-auth:20.0.0] AndroidManifest.xml:31:13-44
68            android:permission="com.google.firebase.auth.api.gms.permission.LAUNCH_FEDERATED_SIGN_IN"
68-->[com.google.firebase:firebase-auth:20.0.0] AndroidManifest.xml:32:13-102
69            android:theme="@android:style/Theme.Translucent.NoTitleBar" />
69-->[com.google.firebase:firebase-auth:20.0.0] AndroidManifest.xml:33:13-72
70        <activity
70-->[com.google.firebase:firebase-auth:20.0.0] AndroidManifest.xml:35:9-52:20
71            android:name="com.google.firebase.auth.internal.GenericIdpActivity"
71-->[com.google.firebase:firebase-auth:20.0.0] AndroidManifest.xml:36:13-80
72            android:excludeFromRecents="true"
72-->[com.google.firebase:firebase-auth:20.0.0] AndroidManifest.xml:37:13-46
73            android:exported="true"
73-->[com.google.firebase:firebase-auth:20.0.0] AndroidManifest.xml:38:13-36
74            android:launchMode="singleTask"
74-->[com.google.firebase:firebase-auth:20.0.0] AndroidManifest.xml:39:13-44
75            android:theme="@android:style/Theme.Translucent.NoTitleBar" >
75-->[com.google.firebase:firebase-auth:20.0.0] AndroidManifest.xml:40:13-72
76            <intent-filter>
76-->[com.google.firebase:firebase-auth:20.0.0] AndroidManifest.xml:41:13-51:29
77                <action android:name="android.intent.action.VIEW" />
77-->[com.google.firebase:firebase-auth:20.0.0] AndroidManifest.xml:42:17-69
77-->[com.google.firebase:firebase-auth:20.0.0] AndroidManifest.xml:42:25-66
78
79                <category android:name="android.intent.category.DEFAULT" />
79-->[com.google.firebase:firebase-auth:20.0.0] AndroidManifest.xml:44:17-76
79-->[com.google.firebase:firebase-auth:20.0.0] AndroidManifest.xml:44:27-73
80                <category android:name="android.intent.category.BROWSABLE" />
80-->[com.google.firebase:firebase-auth:20.0.0] AndroidManifest.xml:45:17-78
80-->[com.google.firebase:firebase-auth:20.0.0] AndroidManifest.xml:45:27-75
81
82                <data
82-->[com.google.firebase:firebase-auth:20.0.0] AndroidManifest.xml:47:17-50:51
83                    android:host="firebase.auth"
83-->[com.google.firebase:firebase-auth:20.0.0] AndroidManifest.xml:48:21-49
84                    android:path="/"
84-->[com.google.firebase:firebase-auth:20.0.0] AndroidManifest.xml:49:21-37
85                    android:scheme="genericidp" />
85-->[com.google.firebase:firebase-auth:20.0.0] AndroidManifest.xml:50:21-48
86            </intent-filter>
87        </activity>
88        <activity
88-->[com.google.firebase:firebase-auth:20.0.0] AndroidManifest.xml:53:9-70:20
89            android:name="com.google.firebase.auth.internal.RecaptchaActivity"
89-->[com.google.firebase:firebase-auth:20.0.0] AndroidManifest.xml:54:13-79
90            android:excludeFromRecents="true"
90-->[com.google.firebase:firebase-auth:20.0.0] AndroidManifest.xml:55:13-46
91            android:exported="true"
91-->[com.google.firebase:firebase-auth:20.0.0] AndroidManifest.xml:56:13-36
92            android:launchMode="singleTask"
92-->[com.google.firebase:firebase-auth:20.0.0] AndroidManifest.xml:57:13-44
93            android:theme="@android:style/Theme.Translucent.NoTitleBar" >
93-->[com.google.firebase:firebase-auth:20.0.0] AndroidManifest.xml:58:13-72
94            <intent-filter>
94-->[com.google.firebase:firebase-auth:20.0.0] AndroidManifest.xml:59:13-69:29
95                <action android:name="android.intent.action.VIEW" />
95-->[com.google.firebase:firebase-auth:20.0.0] AndroidManifest.xml:42:17-69
95-->[com.google.firebase:firebase-auth:20.0.0] AndroidManifest.xml:42:25-66
96
97                <category android:name="android.intent.category.DEFAULT" />
97-->[com.google.firebase:firebase-auth:20.0.0] AndroidManifest.xml:44:17-76
97-->[com.google.firebase:firebase-auth:20.0.0] AndroidManifest.xml:44:27-73
98                <category android:name="android.intent.category.BROWSABLE" />
98-->[com.google.firebase:firebase-auth:20.0.0] AndroidManifest.xml:45:17-78
98-->[com.google.firebase:firebase-auth:20.0.0] AndroidManifest.xml:45:27-75
99
100                <data
100-->[com.google.firebase:firebase-auth:20.0.0] AndroidManifest.xml:47:17-50:51
101                    android:host="firebase.auth"
101-->[com.google.firebase:firebase-auth:20.0.0] AndroidManifest.xml:48:21-49
102                    android:path="/"
102-->[com.google.firebase:firebase-auth:20.0.0] AndroidManifest.xml:49:21-37
103                    android:scheme="recaptcha" />
103-->[com.google.firebase:firebase-auth:20.0.0] AndroidManifest.xml:50:21-48
104            </intent-filter>
105        </activity>
106
107        <service
107-->[com.google.firebase:firebase-auth:20.0.0] AndroidManifest.xml:72:9-81:19
108            android:name="com.google.firebase.auth.api.fallback.service.FirebaseAuthFallbackService"
108-->[com.google.firebase:firebase-auth:20.0.0] AndroidManifest.xml:73:13-101
109            android:enabled="true"
109-->[com.google.firebase:firebase-auth:20.0.0] AndroidManifest.xml:74:13-35
110            android:exported="false" >
110-->[com.google.firebase:firebase-auth:20.0.0] AndroidManifest.xml:75:13-37
111            <intent-filter>
111-->[com.google.firebase:firebase-auth:20.0.0] AndroidManifest.xml:76:13-80:29
112                <action android:name="com.google.firebase.auth.api.gms.service.START" />
112-->[com.google.firebase:firebase-auth:20.0.0] AndroidManifest.xml:77:17-89
112-->[com.google.firebase:firebase-auth:20.0.0] AndroidManifest.xml:77:25-86
113
114                <category android:name="android.intent.category.DEFAULT" />
114-->[com.google.firebase:firebase-auth:20.0.0] AndroidManifest.xml:44:17-76
114-->[com.google.firebase:firebase-auth:20.0.0] AndroidManifest.xml:44:27-73
115            </intent-filter>
116        </service>
117
118        <activity
118-->[com.google.android.gms:play-services-base:17.1.0] AndroidManifest.xml:23:9-26:75
119            android:name="com.google.android.gms.common.api.GoogleApiActivity"
119-->[com.google.android.gms:play-services-base:17.1.0] AndroidManifest.xml:24:13-79
120            android:exported="false"
120-->[com.google.android.gms:play-services-base:17.1.0] AndroidManifest.xml:25:13-37
121            android:theme="@android:style/Theme.Translucent.NoTitleBar" />
121-->[com.google.android.gms:play-services-base:17.1.0] AndroidManifest.xml:26:13-72
122
123        <provider
123-->[com.google.firebase:firebase-common:19.3.1] AndroidManifest.xml:26:9-31:39
124            android:name="com.google.firebase.provider.FirebaseInitProvider"
124-->[com.google.firebase:firebase-common:19.3.1] AndroidManifest.xml:27:13-77
125            android:authorities="mrcof.code.senior_tech_support_app.firebaseinitprovider"
125-->[com.google.firebase:firebase-common:19.3.1] AndroidManifest.xml:28:13-72
126            android:directBootAware="true"
126-->[com.google.firebase:firebase-common:19.3.1] AndroidManifest.xml:29:13-43
127            android:exported="false"
127-->[com.google.firebase:firebase-common:19.3.1] AndroidManifest.xml:30:13-37
128            android:initOrder="100" />
128-->[com.google.firebase:firebase-common:19.3.1] AndroidManifest.xml:31:13-36
129
130        <meta-data
130-->[com.google.android.gms:play-services-basement:17.1.0] AndroidManifest.xml:23:9-25:69
131            android:name="com.google.android.gms.version"
131-->[com.google.android.gms:play-services-basement:17.1.0] AndroidManifest.xml:24:13-58
132            android:value="@integer/google_play_services_version" />
132-->[com.google.android.gms:play-services-basement:17.1.0] AndroidManifest.xml:25:13-66
133    </application>
134
135</manifest>